[35m[Appium][39m Welcome to Appium v1.18.1
[35m[Appium][39m Non-default server args:
[35m[Appium][39m   port: 53606
[35m[Appium][39m   loglevel: info
[35m[Appium][39m   tmpDir: /var/folders/mq/wvcf0hbd0hld8p8z5bh8t5180000gn/T//Katalon/Appium/Temp1599894072855
[35m[Appium][39m   chromedriverPort: 53607
[35m[Appium][39m Deprecated server args:
[35m[Appium][39m   [31m--chromedriver-port[39m => --default-capabilities '{"chromedriverPort":53607}'
[35m[Appium][39m Default capabilities, which will be added to each request unless overridden by desired capabilities:
[35m[Appium][39m   chromedriverPort: 53607
[35m[Appium][39m Appium REST http interface listener started on 0.0.0.0:53606
[35m[HTTP][39m [37m-->[39m [37mGET[39m [37m/wd/hub/status[39m
[35m[HTTP][39m [90m{}[39m
[35m[HTTP][39m [37m<-- GET /wd/hub/status [39m[32m200[39m [90m6 ms - 68[39m
[35m[HTTP][39m [90m[39m
[35m[HTTP][39m [37m-->[39m [37mGET[39m [37m/wd/hub/status[39m
[35m[HTTP][39m [90m{}[39m
[35m[HTTP][39m [37m<-- GET /wd/hub/status [39m[32m200[39m [90m1 ms - 68[39m
[35m[HTTP][39m [90m[39m
[35m[HTTP][39m [37m-->[39m [37mPOST[39m [37m/wd/hub/session[39m
[35m[HTTP][39m [90m{"desiredCapabilities":{"app":"/Users/rakun/Downloads/kalkulator.apk","noReset":true,"deviceName":"Xiaomi MI 8 Lite (Android 9)","fullReset":false,"platform":"ANDROID","newCommandTimeout":1800,"platformVersion":"9","automationName":"uiautomator2","autoGrantPermissions":true,"platformName":"Android","udid":"1db0b4c1","systemPort":53625},"capabilities":{"firstMatch":[{"appium:app":"/Users/rakun/Downloads/kalkulator.apk","appium:autoGrantPermissions":true,"appium:automationName":"uiautomator2","appium:deviceName":"Xiaomi MI 8 Lite (Android 9)","appium:fullReset":false,"appium:newCommandTimeout":1800,"appium:noReset":true,"platform":"ANDROID","platformName":"android","appium:platformVersion":"9","appium:systemPort":53625,"appium:udid":"1db0b4c1"}]}}[39m
[35m[BaseDriver][39m The following capabilities are not standard capabilities and should have an extension prefix:
[35m[BaseDriver][39m   platform
[35m[BaseDriver][39m   chromedriverPort
[35m[Appium][39m Appium v1.18.1 creating new AndroidUiautomator2Driver (v1.56.1) session
[35m[BaseDriver][39m The following capabilities were provided, but are not recognized by Appium:
[35m[BaseDriver][39m   platform
[35m[BaseDriver][39m Session created with session id: fdd40207-0e01-467c-8989-4d57907e8b6b
[35m[BaseDriver][39m Using local app '/Users/rakun/Downloads/kalkulator.apk'
[35m[ADB][39m Found 1 'build-tools' folders under '/Users/rakun/.katalon/tools/android_sdk' (newest first):
[35m[ADB][39m     /Users/rakun/.katalon/tools/android_sdk/build-tools/29.0.3
[35m[ADB][39m Using 'adb' from '/Users/rakun/.katalon/tools/android_sdk/platform-tools/adb'
[35m[AndroidDriver][39m Retrieving device list
[35m[AndroidDriver][39m Using device: 1db0b4c1
[35m[ADB][39m Using 'adb' from '/Users/rakun/.katalon/tools/android_sdk/platform-tools/adb'
[35m[ADB][39m Getting device platform version
[35m[UiAutomator2][39m Relaxing hidden api policy
[35m[ADB][39m Package name: 'com.google.android.calculator'
[35m[ADB][39m Main activity name: 'com.android.calculator2.Calculator'
[35m[ADB][39m Using 'apksigner.jar' from '/Users/rakun/.katalon/tools/android_sdk/build-tools/29.0.3/lib/apksigner.jar'
[35m[UiAutomator2][39m Server packages are not going to be (re)installed
[35m[UiAutomator2][39m Starting UIAutomator2 server 4.12.2
[35m[UiAutomator2][39m Using UIAutomator2 server from '/usr/local/lib/node_modules/appium/node_modules/appium-uiautomator2-server/apks/appium-uiautomator2-server-v4.12.2.apk' and test from '/usr/local/lib/node_modules/appium/node_modules/appium-uiautomator2-server/apks/appium-uiautomator2-server-debug-androidTest.apk'
[35m[UiAutomator2][39m Waiting up to 30000ms for UiAutomator2 to be online...
[35m[WD Proxy][39m socket hang up
[35m[WD Proxy][39m socket hang up
[35m[WD Proxy][39m Determined the downstream protocol as 'W3C'
[35m[AndroidDriver][39m Screen already unlocked, doing nothing
[35m[UiAutomator2][39m Starting 'com.google.android.calculator/com.android.calculator2.Calculator and waiting for 'com.google.android.calculator/com.android.calculator2.Calculator'
[35m[Appium][39m New AndroidUiautomator2Driver session created successfully, session fdd40207-0e01-467c-8989-4d57907e8b6b added to master session list
[35m[HTTP][39m [37m<-- POST /wd/hub/session [39m[32m200[39m [90m11117 ms - 1223[39m
[35m[HTTP][39m [90m[39m
[35m[HTTP][39m [37m-->[39m [37mGET[39m [37m/wd/hub/session/fdd40207-0e01-467c-8989-4d57907e8b6b[39m
[35m[HTTP][39m [90m{}[39m
[35m[HTTP][39m [37m<-- GET /wd/hub/session/fdd40207-0e01-467c-8989-4d57907e8b6b [39m[32m200[39m [90m22 ms - 1177[39m
[35m[HTTP][39m [90m[39m
[35m[HTTP][39m [37m-->[39m [37mGET[39m [37m/wd/hub/session/fdd40207-0e01-467c-8989-4d57907e8b6b[39m
[35m[HTTP][39m [90m{}[39m
[35m[HTTP][39m [37m<-- GET /wd/hub/session/fdd40207-0e01-467c-8989-4d57907e8b6b [39m[32m200[39m [90m20 ms - 1177[39m
[35m[HTTP][39m [90m[39m
[35m[HTTP][39m [37m-->[39m [37mGET[39m [37m/wd/hub/status[39m
[35m[HTTP][39m [90m{}[39m
[35m[HTTP][39m [37m<-- GET /wd/hub/status [39m[32m200[39m [90m1 ms - 68[39m
[35m[HTTP][39m [90m[39m
[35m[HTTP][39m [37m-->[39m [37mPOST[39m [37m/wd/hub/session/fdd40207-0e01-467c-8989-4d57907e8b6b/timeouts[39m
[35m[HTTP][39m [90m{"implicit":60000}[39m
[35m[HTTP][39m [37m<-- POST /wd/hub/session/fdd40207-0e01-467c-8989-4d57907e8b6b/timeouts [39m[32m200[39m [90m3 ms - 14[39m
[35m[HTTP][39m [90m[39m
[35m[HTTP][39m [37m-->[39m [37mGET[39m [37m/wd/hub/session/fdd40207-0e01-467c-8989-4d57907e8b6b/source[39m
[35m[HTTP][39m [90m{}[39m
[35m[W3C (fdd40207)][39m Driver proxy active, passing request on via HTTP proxy
[35m[WD Proxy][39m Replacing sessionId a2dd6602-21a4-43fc-97a9-5c1407a72bfc with fdd40207-0e01-467c-8989-4d57907e8b6b
[35m[HTTP][39m [37m<-- GET /wd/hub/session/fdd40207-0e01-467c-8989-4d57907e8b6b/source [39m[32m200[39m [90m477 ms - 19093[39m
[35m[HTTP][39m [90m[39m
[35m[HTTP][39m [37m-->[39m [37mGET[39m [37m/wd/hub/session/fdd40207-0e01-467c-8989-4d57907e8b6b/screenshot[39m
[35m[HTTP][39m [90m{}[39m
[35m[HTTP][39m [37m<-- GET /wd/hub/session/fdd40207-0e01-467c-8989-4d57907e8b6b/screenshot [39m[32m200[39m [90m535 ms - 92352[39m
[35m[HTTP][39m [90m[39m
[35m[HTTP][39m [37m-->[39m [37mPOST[39m [37m/wd/hub/session/fdd40207-0e01-467c-8989-4d57907e8b6b/elements[39m
[35m[HTTP][39m [90m{"using":"id","value":"com.google.android.calculator:id/digit_2"}[39m
[35m[HTTP][39m [37m<-- POST /wd/hub/session/fdd40207-0e01-467c-8989-4d57907e8b6b/elements [39m[32m200[39m [90m515 ms - 139[39m
[35m[HTTP][39m [90m[39m
[35m[HTTP][39m [37m-->[39m [37mPOST[39m [37m/wd/hub/session/fdd40207-0e01-467c-8989-4d57907e8b6b/elements[39m
[35m[HTTP][39m [90m{"using":"id","value":"com.google.android.calculator:id/digit_3"}[39m
[35m[HTTP][39m [37m<-- POST /wd/hub/session/fdd40207-0e01-467c-8989-4d57907e8b6b/elements [39m[32m200[39m [90m168 ms - 139[39m
[35m[HTTP][39m [90m[39m
[35m[HTTP][39m [37m-->[39m [37mPOST[39m [37m/wd/hub/session/fdd40207-0e01-467c-8989-4d57907e8b6b/elements[39m
[35m[HTTP][39m [90m{"using":"id","value":"com.google.android.calculator:id/digit_4"}[39m
[35m[HTTP][39m [37m<-- POST /wd/hub/session/fdd40207-0e01-467c-8989-4d57907e8b6b/elements [39m[32m200[39m [90m140 ms - 139[39m
[35m[HTTP][39m [90m[39m
[35m[HTTP][39m [37m-->[39m [37mPOST[39m [37m/wd/hub/session/fdd40207-0e01-467c-8989-4d57907e8b6b/elements[39m
[35m[HTTP][39m [90m{"using":"id","value":"com.google.android.calculator:id/digit_8"}[39m
[35m[HTTP][39m [37m<-- POST /wd/hub/session/fdd40207-0e01-467c-8989-4d57907e8b6b/elements [39m[32m200[39m [90m972 ms - 139[39m
[35m[HTTP][39m [90m[39m
[35m[HTTP][39m [37m-->[39m [37mPOST[39m [37m/wd/hub/session/fdd40207-0e01-467c-8989-4d57907e8b6b/elements[39m
[35m[HTTP][39m [90m{"using":"accessibility id","value":"koma"}[39m
[35m[HTTP][39m [37m<-- POST /wd/hub/session/fdd40207-0e01-467c-8989-4d57907e8b6b/elements [39m[32m200[39m [90m193 ms - 139[39m
[35m[HTTP][39m [90m[39m
[35m[HTTP][39m [37m-->[39m [37mPOST[39m [37m/wd/hub/session/fdd40207-0e01-467c-8989-4d57907e8b6b/elements[39m
[35m[HTTP][39m [90m{"using":"id","value":"com.google.android.calculator:id/digit_0"}[39m
[35m[HTTP][39m [37m<-- POST /wd/hub/session/fdd40207-0e01-467c-8989-4d57907e8b6b/elements [39m[32m200[39m [90m125 ms - 139[39m
[35m[HTTP][39m [90m[39m
[35m[HTTP][39m [37m-->[39m [37mDELETE[39m [37m/wd/hub/session/fdd40207-0e01-467c-8989-4d57907e8b6b[39m
[35m[HTTP][39m [90m{}[39m
[35m[Appium][39m Removing session fdd40207-0e01-467c-8989-4d57907e8b6b from our master session list
[35m[UiAutomator2][39m Restoring hidden api policy to the device default configuration
[35m[HTTP][39m [37m<-- DELETE /wd/hub/session/fdd40207-0e01-467c-8989-4d57907e8b6b [39m[32m200[39m [90m433 ms - 14[39m
[35m[HTTP][39m [90m[39m
